Users Found: [
  {
    "id": -1767145121984,
    "username": "messi",
    "full_name": "messi",
    "avatar_url": "https://api.dicebear.com/7.x/avataaars/svg?seed=messi",
    "access_token": null,
    "refresh_token": null,
    "expires_at": null,
    "created_at": "2025-12-31T01:38:42.157314+00:00",
    "updated_at": null,
    "strava_client_id": null,
    "strava_client_secret": null,
    "access_code": "CODE-8630",
    "is_manual": true,
    "password": "werkudara88",
    "sync_key": "2f0cb5fa-9b05-4ac4-a841-6ad112376180",
    "is_admin": false,
    "gender": null,
    "instagram_username": null
  }
]

--- Checking User: messi (-1767145121984) ---
Attendance: [
  {
    "id": "2c041629-f739-49b3-aa8e-a510127fa200",
    "activity_id": "090a43bb-8197-432f-a5df-62f9c6311005",
    "user_id": -1767145121984,
    "scanned_at": "2025-12-31T01:39:25.079691+00:00",
    "admin_activities": {
      "title": "Test",
      "points": 20
    }
  },
  {
    "id": "c376aeb7-c890-4b8f-8b13-90b5f416d9a6",
    "activity_id": "38bac615-875b-4f3b-b964-5628e24fe771",
    "user_id": -1767145121984,
    "scanned_at": "2025-12-31T01:42:06.558385+00:00",
    "admin_activities": {
      "title": "Test",
      "points": 20
    }
  }
]
Adjustments: []
Notifications: [
  {
    "id": "ed59b49d-9811-4c8e-909d-8556716b9b2c",
    "user_id": -1767145121984,
    "title": "Activity Points Awarded",
    "message": "You earned 20 points for attending Test!",
    "type": "info",
    "is_read": false,
    "created_at": "2025-12-31T01:39:25.80058+00:00"
  },
  {
    "id": "0b9e4a5c-a523-46fc-8c9a-3d69ad324ed8",
    "user_id": -1767145121984,
    "title": "Activity Points Awarded",
    "message": "You earned 20 points for attending Test!",
    "type": "info",
    "is_read": false,
    "created_at": "2025-12-31T01:42:07.281165+00:00"
  }
]
